android/app/build/intermediates/manifest_merge_blame_file/debug/manifest-merger-blame-debug-report.txt
1<?xml version="1.0" encoding="utf-8"?>
2<manifest xmlns:android="http://schemas.android.com/apk/res/android"
3    package="com.fitrunpro"
4    android:versionCode="1"
5    android:versionName="1.0" >
6
7    <uses-sdk
8        android:minSdkVersion="21"
9        android:targetSdkVersion="33" />
10
11    <uses-permission android:name="android.permission.INTERNET" />
11-->src\main\AndroidManifest.xml:2:5-67
11-->src\main\AndroidManifest.xml:2:22-64
12    <uses-permission android:name="android.permission.ACCESS_WIFI_STATE" />
12-->[com.facebook.flipper:flipper:0.182.0] AndroidManifest.xml:16:5-76
12-->[com.facebook.flipper:flipper:0.182.0] AndroidManifest.xml:16:22-73
13    <!--
14    This manifest file is used only by Gradle to configure debug-only capabilities
15    for React Native Apps.
16    -->
17    <uses-permission android:name="android.permission.SYSTEM_ALERT_WINDOW" />
17-->[com.facebook.react:react-android:0.73.11] AndroidManifest.xml:16:5-78
17-->[com.facebook.react:react-android:0.73.11] AndroidManifest.xml:16:22-75
18
19    <permission
19-->[androidx.core:core:1.9.0] AndroidManifest.xml:22:5-24:47
20        android:name="com.fitrunpro.DYNAMIC_RECEIVER_NOT_EXPORTED_PERMISSION"
20-->[androidx.core:core:1.9.0] AndroidManifest.xml:23:9-81
21        android:protectionLevel="signature" />
21-->[androidx.core:core:1.9.0] AndroidManifest.xml:24:9-44
22
23    <uses-permission android:name="com.fitrunpro.DYNAMIC_RECEIVER_NOT_EXPORTED_PERMISSION" />
23-->[androidx.core:core:1.9.0] AndroidManifest.xml:26:5-97
23-->[androidx.core:core:1.9.0] AndroidManifest.xml:26:22-94
24
25    <application
25-->src\main\AndroidManifest.xml:4:5-23:19
26        android:name="com.fitrunpro.MainApplication"
26-->src\main\AndroidManifest.xml:5:9-40
27        android:allowBackup="false"
27-->src\main\AndroidManifest.xml:9:9-36
28        android:appComponentFactory="androidx.core.app.CoreComponentFactory"
28-->[androidx.core:core:1.9.0] AndroidManifest.xml:28:18-86
29        android:debuggable="true"
30        android:extractNativeLibs="true"
31        android:icon="@mipmap/ic_launcher"
31-->src\main\AndroidManifest.xml:7:9-43
32        android:label="@string/app_name"
32-->src\main\AndroidManifest.xml:6:9-41
33        android:roundIcon="@mipmap/ic_launcher_round"
33-->src\main\AndroidManifest.xml:8:9-54
34        android:theme="@style/AppTheme" >
34-->src\main\AndroidManifest.xml:10:9-40
35        <activity
35-->src\main\AndroidManifest.xml:11:9-22:20
36            android:name="com.fitrunpro.MainActivity"
36-->src\main\AndroidManifest.xml:12:13-41
37            android:configChanges="keyboard|keyboardHidden|orientation|screenLayout|screenSize|smallestScreenSize|uiMode"
37-->src\main\AndroidManifest.xml:14:13-122
38            android:exported="true"
38-->src\main\AndroidManifest.xml:17:13-36
39            android:label="@string/app_name"
39-->src\main\AndroidManifest.xml:13:13-45
40            android:launchMode="singleTask"
40-->src\main\AndroidManifest.xml:15:13-44
41            android:windowSoftInputMode="adjustResize" >
41-->src\main\AndroidManifest.xml:16:13-55
42            <intent-filter>
42-->src\main\AndroidManifest.xml:18:13-21:29
43                <action android:name="android.intent.action.MAIN" />
43-->src\main\AndroidManifest.xml:19:17-69
43-->src\main\AndroidManifest.xml:19:25-66
44
45                <category android:name="android.intent.category.LAUNCHER" />
45-->src\main\AndroidManifest.xml:20:17-77
45-->src\main\AndroidManifest.xml:20:27-74
46            </intent-filter>
47        </activity>
48        <activity
48-->[com.facebook.react:react-android:0.73.11] AndroidManifest.xml:19:9-21:40
49            android:name="com.facebook.react.devsupport.DevSettingsActivity"
49-->[com.facebook.react:react-android:0.73.11] AndroidManifest.xml:20:13-77
50            android:exported="false" />
50-->[com.facebook.react:react-android:0.73.11] AndroidManifest.xml:21:13-37
51
52        <provider
52-->[androidx.emoji2:emoji2:1.2.0] AndroidManifest.xml:24:9-32:20
53            android:name="androidx.startup.InitializationProvider"
53-->[androidx.emoji2:emoji2:1.2.0] AndroidManifest.xml:25:13-67
54            android:authorities="com.fitrunpro.androidx-startup"
54-->[androidx.emoji2:emoji2:1.2.0] AndroidManifest.xml:26:13-68
55            android:exported="false" >
55-->[androidx.emoji2:emoji2:1.2.0] AndroidManifest.xml:27:13-37
56            <meta-data
56-->[androidx.emoji2:emoji2:1.2.0] AndroidManifest.xml:29:13-31:52
57                android:name="androidx.emoji2.text.EmojiCompatInitializer"
57-->[androidx.emoji2:emoji2:1.2.0] AndroidManifest.xml:30:17-75
58                android:value="androidx.startup" />
58-->[androidx.emoji2:emoji2:1.2.0] AndroidManifest.xml:31:17-49
59            <meta-data
59-->[androidx.lifecycle:lifecycle-process:2.4.1] AndroidManifest.xml:31:13-33:52
60                android:name="androidx.lifecycle.ProcessLifecycleInitializer"
60-->[androidx.lifecycle:lifecycle-process:2.4.1] AndroidManifest.xml:32:17-78
61                android:value="androidx.startup" />
61-->[androidx.lifecycle:lifecycle-process:2.4.1] AndroidManifest.xml:33:17-49
62        </provider>
63
64        <meta-data
64-->[com.facebook.soloader:soloader:0.10.5] AndroidManifest.xml:12:9-14:37
65            android:name="com.facebook.soloader.enabled"
65-->[com.facebook.soloader:soloader:0.10.5] AndroidManifest.xml:13:13-57
66            android:value="false" />
66-->[com.facebook.soloader:soloader:0.10.5] AndroidManifest.xml:14:13-34
67    </application>
68
69</manifest>